bad url: https://www.dickssportinggoods.com/p/bowflex-selecttech-552-dumbbells-16bfxuslcttchdmbbslc/16bfxuslcttchdmbbslc
item: PowerBlock Sport 50 lb. Adjustable Dumbbell Set 	 sku: 16380346 
 link: https://www.dickssportinggoods.com/p/powerblock-50-lbadjustable-dumbbell-set-19pwkupwrblcksprtslc/19pwkupwrblcksprtslc
item: Core Fitness 5 - 50 lb Adjustable Dumbbells - Pair 	 sku: 14659184 
 link: https://www.dickssportinggoods.com/p/core-fitness-5-50-lb-adjustable-dumbbells-pair-16cfiucrftnssdjdmslc/16cfiucrftnssdjdmslc
item: PowerBlock Elite 50 Stage 1 Set 	 sku: 16122502 
 link: https://www.dickssportinggoods.com/p/powerblock-elite-50-stage-1-set-16pwkupwrblcklt50slc/16pwkupwrblcklt50slc
97236 {'data': {'origin': {'geocoded_address': 'PORTLAND, OR  97236, US', 'lat': '45.474722', 'lng': '-122.50997'}, 'results': []}, 'status': 'OK'}
97236 {'data': {'origin': {'geocoded_address': 'PORTLAND, OR  97236, US', 'lat': '45.474722', 'lng': '-122.50997'}, 'results': []}, 'status': 'OK'}
97236 {'data': {'origin': {'geocoded_address': 'PORTLAND, OR  97236, US', 'lat': '45.474722', 'lng': '-122.50997'}, 'results': []}, 'status': 'OK'}
98101 {'data': {'origin': {'geocoded_address': 'SEATTLE, WA  98101, US', 'lat': '47.61067', 'lng': '-122.33438'}, 'results': []}, 'status': 'OK'}
98101 {'data': {'origin': {'geocoded_address': 'SEATTLE, WA  98101, US', 'lat': '47.61067', 'lng': '-122.33438'}, 'results': []}, 'status': 'OK'}
98101 {'data': {'origin': {'geocoded_address': 'SEATTLE, WA  98101, US', 'lat': '47.61067', 'lng': '-122.33438'}, 'results': []}, 'status': 'OK'}
99201 {'data': {'origin': {'geocoded_address': 'SPOKANE, WA  99201, US', 'lat': '47.663945', 'lng': '-117.43185'}, 'results': []}, 'status': 'OK'}
99201 {'data': {'origin': {'geocoded_address': 'SPOKANE, WA  99201, US', 'lat': '47.663945', 'lng': '-117.43185'}, 'results': []}, 'status': 'OK'}
99201 {'data': {'origin': {'geocoded_address': 'SPOKANE, WA  99201, US', 'lat': '47.663945', 'lng': '-117.43185'}, 'results': []}, 'status': 'OK'}
97701 {'data': {'origin': {'geocoded_address': 'BEND, OR  97701, US', 'lat': '44.091256', 'lng': '-121.29769'}, 'results': []}, 'status': 'OK'}
97701 {'data': {'origin': {'geocoded_address': 'BEND, OR  97701, US', 'lat': '44.091256', 'lng': '-121.29769'}, 'results': []}, 'status': 'OK'}
97701 {'data': {'origin': {'geocoded_address': 'BEND, OR  97701, US', 'lat': '44.091256', 'lng': '-121.29769'}, 'results': []}, 'status': 'OK'}
94806 {'data': {'origin': {'geocoded_address': 'SAN PABLO, CA  94806, US', 'lat': '37.972623', 'lng': '-122.33873'}, 'results': []}, 'status': 'OK'}
94806 {'data': {'origin': {'geocoded_address': 'SAN PABLO, CA  94806, US', 'lat': '37.972623', 'lng': '-122.33873'}, 'results': []}, 'status': 'OK'}
94806 {'data': {'origin': {'geocoded_address': 'SAN PABLO, CA  94806, US', 'lat': '37.972623', 'lng': '-122.33873'}, 'results': []}, 'status': 'OK'}
97236 {'data': {'origin': {'geocoded_address': 'PORTLAND, OR  97236, US', 'lat': '45.474722', 'lng': '-122.50997'}, 'results': []}, 'status': 'OK'}
97236 {'data': {'origin': {'geocoded_address': 'PORTLAND, OR  97236, US', 'lat': '45.474722', 'lng': '-122.50997'}, 'results': []}, 'status': 'OK'}
97236 {'data': {'origin': {'geocoded_address': 'PORTLAND, OR  97236, US', 'lat': '45.474722', 'lng': '-122.50997'}, 'results': []}, 'status': 'OK'}
98101 {'data': {'origin': {'geocoded_address': 'SEATTLE, WA  98101, US', 'lat': '47.61067', 'lng': '-122.33438'}, 'results': []}, 'status': 'OK'}
98101 {'data': {'origin': {'geocoded_address': 'SEATTLE, WA  98101, US', 'lat': '47.61067', 'lng': '-122.33438'}, 'results': []}, 'status': 'OK'}
98101 {'data': {'origin': {'geocoded_address': 'SEATTLE, WA  98101, US', 'lat': '47.61067', 'lng': '-122.33438'}, 'results': []}, 'status': 'OK'}
99201 {'data': {'origin': {'geocoded_address': 'SPOKANE, WA  99201, US', 'lat': '47.663945', 'lng': '-117.43185'}, 'results': []}, 'status': 'OK'}
99201 {'data': {'origin': {'geocoded_address': 'SPOKANE, WA  99201, US', 'lat': '47.663945', 'lng': '-117.43185'}, 'results': []}, 'status': 'OK'}
99201 {'data': {'origin': {'geocoded_address': 'SPOKANE, WA  99201, US', 'lat': '47.663945', 'lng': '-117.43185'}, 'results': []}, 'status': 'OK'}
97701 {'data': {'origin': {'geocoded_address': 'BEND, OR  97701, US', 'lat': '44.091256', 'lng': '-121.29769'}, 'results': []}, 'status': 'OK'}
97701 {'data': {'origin': {'geocoded_address': 'BEND, OR  97701, US', 'lat': '44.091256', 'lng': '-121.29769'}, 'results': []}, 'status': 'OK'}
97701 {'data': {'origin': {'geocoded_address': 'BEND, OR  97701, US', 'lat': '44.091256', 'lng': '-121.29769'}, 'results': []}, 'status': 'OK'}
94806 {'data': {'origin': {'geocoded_address': 'SAN PABLO, CA  94806, US', 'lat': '37.972623', 'lng': '-122.33873'}, 'results': []}, 'status': 'OK'}
94806 {'data': {'origin': {'geocoded_address': 'SAN PABLO, CA  94806, US', 'lat': '37.972623', 'lng': '-122.33873'}, 'results': []}, 'status': 'OK'}
94806 {'data': {'origin': {'geocoded_address': 'SAN PABLO, CA  94806, US', 'lat': '37.972623', 'lng': '-122.33873'}, 'results': []}, 'status': 'OK'}
97236 {'data': {'origin': {'geocoded_address': 'PORTLAND, OR  97236, US', 'lat': '45.474722', 'lng': '-122.50997'}, 'results': []}, 'status': 'OK'}
97236 {'data': {'origin': {'geocoded_address': 'PORTLAND, OR  97236, US', 'lat': '45.474722', 'lng': '-122.50997'}, 'results': []}, 'status': 'OK'}
97236 {'data': {'origin': {'geocoded_address': 'PORTLAND, OR  97236, US', 'lat': '45.474722', 'lng': '-122.50997'}, 'results': []}, 'status': 'OK'}
98101 {'data': {'origin': {'geocoded_address': 'SEATTLE, WA  98101, US', 'lat': '47.61067', 'lng': '-122.33438'}, 'results': []}, 'status': 'OK'}
98101 {'data': {'origin': {'geocoded_address': 'SEATTLE, WA  98101, US', 'lat': '47.61067', 'lng': '-122.33438'}, 'results': []}, 'status': 'OK'}
98101 {'data': {'origin': {'geocoded_address': 'SEATTLE, WA  98101, US', 'lat': '47.61067', 'lng': '-122.33438'}, 'results': []}, 'status': 'OK'}
99201 {'data': {'origin': {'geocoded_address': 'SPOKANE, WA  99201, US', 'lat': '47.663945', 'lng': '-117.43185'}, 'results': []}, 'status': 'OK'}
99201 {'data': {'origin': {'geocoded_address': 'SPOKANE, WA  99201, US', 'lat': '47.663945', 'lng': '-117.43185'}, 'results': []}, 'status': 'OK'}
99201 {'data': {'origin': {'geocoded_address': 'SPOKANE, WA  99201, US', 'lat': '47.663945', 'lng': '-117.43185'}, 'results': []}, 'status': 'OK'}
97701 {'data': {'origin': {'geocoded_address': 'BEND, OR  97701, US', 'lat': '44.091256', 'lng': '-121.29769'}, 'results': []}, 'status': 'OK'}
97701 {'data': {'origin': {'geocoded_address': 'BEND, OR  97701, US', 'lat': '44.091256', 'lng': '-121.29769'}, 'results': []}, 'status': 'OK'}
97701 {'data': {'origin': {'geocoded_address': 'BEND, OR  97701, US', 'lat': '44.091256', 'lng': '-121.29769'}, 'results': []}, 'status': 'OK'}
94806 {'data': {'origin': {'geocoded_address': 'SAN PABLO, CA  94806, US', 'lat': '37.972623', 'lng': '-122.33873'}, 'results': []}, 'status': 'OK'}
94806 {'data': {'origin': {'geocoded_address': 'SAN PABLO, CA  94806, US', 'lat': '37.972623', 'lng': '-122.33873'}, 'results': []}, 'status': 'OK'}
94806 {'data': {'origin': {'geocoded_address': 'SAN PABLO, CA  94806, US', 'lat': '37.972623', 'lng': '-122.33873'}, 'results': []}, 'status': 'OK'}
97236 {'data': {'origin': {'geocoded_address': 'PORTLAND, OR  97236, US', 'lat': '45.474722', 'lng': '-122.50997'}, 'results': []}, 'status': 'OK'}
97236 {'data': {'origin': {'geocoded_address': 'PORTLAND, OR  97236, US', 'lat': '45.474722', 'lng': '-122.50997'}, 'results': []}, 'status': 'OK'}
97236 {'data': {'origin': {'geocoded_address': 'PORTLAND, OR  97236, US', 'lat': '45.474722', 'lng': '-122.50997'}, 'results': []}, 'status': 'OK'}
98101 {'data': {'origin': {'geocoded_address': 'SEATTLE, WA  98101, US', 'lat': '47.61067', 'lng': '-122.33438'}, 'results': []}, 'status': 'OK'}
98101 {'data': {'origin': {'geocoded_address': 'SEATTLE, WA  98101, US', 'lat': '47.61067', 'lng': '-122.33438'}, 'results': []}, 'status': 'OK'}
98101 {'data': {'origin': {'geocoded_address': 'SEATTLE, WA  98101, US', 'lat': '47.61067', 'lng': '-122.33438'}, 'results': []}, 'status': 'OK'}
99201 {'data': {'origin': {'geocoded_address': 'SPOKANE, WA  99201, US', 'lat': '47.663945', 'lng': '-117.43185'}, 'results': []}, 'status': 'OK'}
99201 {'data': {'origin': {'geocoded_address': 'SPOKANE, WA  99201, US', 'lat': '47.663945', 'lng': '-117.43185'}, 'results': []}, 'status': 'OK'}
99201 {'data': {'origin': {'geocoded_address': 'SPOKANE, WA  99201, US', 'lat': '47.663945', 'lng': '-117.43185'}, 'results': []}, 'status': 'OK'}
97701 {'data': {'origin': {'geocoded_address': 'BEND, OR  97701, US', 'lat': '44.091256', 'lng': '-121.29769'}, 'results': []}, 'status': 'OK'}
97701 {'data': {'origin': {'geocoded_address': 'BEND, OR  97701, US', 'lat': '44.091256', 'lng': '-121.29769'}, 'results': []}, 'status': 'OK'}
97701 {'data': {'origin': {'geocoded_address': 'BEND, OR  97701, US', 'lat': '44.091256', 'lng': '-121.29769'}, 'results': []}, 'status': 'OK'}
94806 {'data': {'origin': {'geocoded_address': 'SAN PABLO, CA  94806, US', 'lat': '37.972623', 'lng': '-122.33873'}, 'results': []}, 'status': 'OK'}
94806 {'data': {'origin': {'geocoded_address': 'SAN PABLO, CA  94806, US', 'lat': '37.972623', 'lng': '-122.33873'}, 'results': []}, 'status': 'OK'}
94806 {'data': {'origin': {'geocoded_address': 'SAN PABLO, CA  94806, US', 'lat': '37.972623', 'lng': '-122.33873'}, 'results': []}, 'status': 'OK'}
97236 {'data': {'origin': {'geocoded_address': 'PORTLAND, OR  97236, US', 'lat': '45.474722', 'lng': '-122.50997'}, 'results': []}, 'status': 'OK'}
97236 {'data': {'origin': {'geocoded_address': 'PORTLAND, OR  97236, US', 'lat': '45.474722', 'lng': '-122.50997'}, 'results': []}, 'status': 'OK'}
97236 {'data': {'origin': {'geocoded_address': 'PORTLAND, OR  97236, US', 'lat': '45.474722', 'lng': '-122.50997'}, 'results': []}, 'status': 'OK'}
98101 {'data': {'origin': {'geocoded_address': 'SEATTLE, WA  98101, US', 'lat': '47.61067', 'lng': '-122.33438'}, 'results': []}, 'status': 'OK'}
98101 {'data': {'origin': {'geocoded_address': 'SEATTLE, WA  98101, US', 'lat': '47.61067', 'lng': '-122.33438'}, 'results': []}, 'status': 'OK'}
98101 {'data': {'origin': {'geocoded_address': 'SEATTLE, WA  98101, US', 'lat': '47.61067', 'lng': '-122.33438'}, 'results': []}, 'status': 'OK'}
99201 {'data': {'origin': {'geocoded_address': 'SPOKANE, WA  99201, US', 'lat': '47.663945', 'lng': '-117.43185'}, 'results': []}, 'status': 'OK'}
99201 {'data': {'origin': {'geocoded_address': 'SPOKANE, WA  99201, US', 'lat': '47.663945', 'lng': '-117.43185'}, 'results': []}, 'status': 'OK'}
99201 {'data': {'origin': {'geocoded_address': 'SPOKANE, WA  99201, US', 'lat': '47.663945', 'lng': '-117.43185'}, 'results': []}, 'status': 'OK'}
97701 {'data': {'origin': {'geocoded_address': 'BEND, OR  97701, US', 'lat': '44.091256', 'lng': '-121.29769'}, 'results': []}, 'status': 'OK'}
97701 {'data': {'origin': {'geocoded_address': 'BEND, OR  97701, US', 'lat': '44.091256', 'lng': '-121.29769'}, 'results': []}, 'status': 'OK'}
97701 {'data': {'origin': {'geocoded_address': 'BEND, OR  97701, US', 'lat': '44.091256', 'lng': '-121.29769'}, 'results': []}, 'status': 'OK'}
94806 {'data': {'origin': {'geocoded_address': 'SAN PABLO, CA  94806, US', 'lat': '37.972623', 'lng': '-122.33873'}, 'results': [{'distance': '45.16', 'store': {'lat': '37.366701', 'name': 'SUNNYVALE', 'country': 'US', 'location': '1401', 'street1': '125 E. EL CAMINO REAL', 'city': 'SUNNYVALE', 'chain': 'DICKS SPORTING GOODS', 'hours': {'tue': '0000-0000', 'sat': '0000-0000', 'mon': '0000-0000', 'thu': '0000-0000', 'sun': '0000-0000', 'fri': '0000-0000', 'wed': '0000-0000'}, 'phone': '408-498-4293', 'zip': '94087', 'state': 'CA', 'lng': '-122.029005'}, 'units': 'mile', 'skus': [{'sku': '16380346', 'qty': {'ats': '2', 'isa': '2'}}]}]}, 'status': 'OK'}
94806 {'data': {'origin': {'geocoded_address': 'SAN PABLO, CA  94806, US', 'lat': '37.972623', 'lng': '-122.33873'}, 'results': []}, 'status': 'OK'}
94806 {'data': {'origin': {'geocoded_address': 'SAN PABLO, CA  94806, US', 'lat': '37.972623', 'lng': '-122.33873'}, 'results': []}, 'status': 'OK'}
97236 {'data': {'origin': {'geocoded_address': 'PORTLAND, OR  97236, US', 'lat': '45.474722', 'lng': '-122.50997'}, 'results': []}, 'status': 'OK'}
97236 {'data': {'origin': {'geocoded_address': 'PORTLAND, OR  97236, US', 'lat': '45.474722', 'lng': '-122.50997'}, 'results': []}, 'status': 'OK'}
97236 {'data': {'origin': {'geocoded_address': 'PORTLAND, OR  97236, US', 'lat': '45.474722', 'lng': '-122.50997'}, 'results': []}, 'status': 'OK'}
98101 {'data': {'origin': {'geocoded_address': 'SEATTLE, WA  98101, US', 'lat': '47.61067', 'lng': '-122.33438'}, 'results': []}, 'status': 'OK'}
98101 {'data': {'origin': {'geocoded_address': 'SEATTLE, WA  98101, US', 'lat': '47.61067', 'lng': '-122.33438'}, 'results': []}, 'status': 'OK'}
98101 {'data': {'origin': {'geocoded_address': 'SEATTLE, WA  98101, US', 'lat': '47.61067', 'lng': '-122.33438'}, 'results': []}, 'status': 'OK'}
99201 {'data': {'origin': {'geocoded_address': 'SPOKANE, WA  99201, US', 'lat': '47.663945', 'lng': '-117.43185'}, 'results': []}, 'status': 'OK'}
99201 {'data': {'origin': {'geocoded_address': 'SPOKANE, WA  99201, US', 'lat': '47.663945', 'lng': '-117.43185'}, 'results': []}, 'status': 'OK'}
99201 {'data': {'origin': {'geocoded_address': 'SPOKANE, WA  99201, US', 'lat': '47.663945', 'lng': '-117.43185'}, 'results': []}, 'status': 'OK'}
97701 {'data': {'origin': {'geocoded_address': 'BEND, OR  97701, US', 'lat': '44.091256', 'lng': '-121.29769'}, 'results': []}, 'status': 'OK'}
97701 {'data': {'origin': {'geocoded_address': 'BEND, OR  97701, US', 'lat': '44.091256', 'lng': '-121.29769'}, 'results': []}, 'status': 'OK'}
97701 {'data': {'origin': {'geocoded_address': 'BEND, OR  97701, US', 'lat': '44.091256', 'lng': '-121.29769'}, 'results': []}, 'status': 'OK'}
94806 {'data': {'origin': {'geocoded_address': 'SAN PABLO, CA  94806, US', 'lat': '37.972623', 'lng': '-122.33873'}, 'results': [{'distance': '45.16', 'store': {'lat': '37.366701', 'name': 'SUNNYVALE', 'country': 'US', 'location': '1401', 'street1': '125 E. EL CAMINO REAL', 'city': 'SUNNYVALE', 'chain': 'DICKS SPORTING GOODS', 'hours': {'tue': '0000-0000', 'sat': '0000-0000', 'mon': '0000-0000', 'thu': '0000-0000', 'sun': '0000-0000', 'fri': '0000-0000', 'wed': '0000-0000'}, 'phone': '408-498-4293', 'zip': '94087', 'state': 'CA', 'lng': '-122.029005'}, 'units': 'mile', 'skus': [{'sku': '16380346', 'qty': {'ats': '2', 'isa': '2'}}]}]}, 'status': 'OK'}
94806 {'data': {'origin': {'geocoded_address': 'SAN PABLO, CA  94806, US', 'lat': '37.972623', 'lng': '-122.33873'}, 'results': []}, 'status': 'OK'}
94806 {'data': {'origin': {'geocoded_address': 'SAN PABLO, CA  94806, US', 'lat': '37.972623', 'lng': '-122.33873'}, 'results': []}, 'status': 'OK'}
97236 {'data': {'origin': {'geocoded_address': 'PORTLAND, OR  97236, US', 'lat': '45.474722', 'lng': '-122.50997'}, 'results': []}, 'status': 'OK'}
97236 {'data': {'origin': {'geocoded_address': 'PORTLAND, OR  97236, US', 'lat': '45.474722', 'lng': '-122.50997'}, 'results': []}, 'status': 'OK'}
97236 {'data': {'origin': {'geocoded_address': 'PORTLAND, OR  97236, US', 'lat': '45.474722', 'lng': '-122.50997'}, 'results': []}, 'status': 'OK'}
98101 {'data': {'origin': {'geocoded_address': 'SEATTLE, WA  98101, US', 'lat': '47.61067', 'lng': '-122.33438'}, 'results': []}, 'status': 'OK'}
98101 {'data': {'origin': {'geocoded_address': 'SEATTLE, WA  98101, US', 'lat': '47.61067', 'lng': '-122.33438'}, 'results': []}, 'status': 'OK'}
98101 {'data': {'origin': {'geocoded_address': 'SEATTLE, WA  98101, US', 'lat': '47.61067', 'lng': '-122.33438'}, 'results': []}, 'status': 'OK'}
99201 {'data': {'origin': {'geocoded_address': 'SPOKANE, WA  99201, US', 'lat': '47.663945', 'lng': '-117.43185'}, 'results': []}, 'status': 'OK'}
99201 {'data': {'origin': {'geocoded_address': 'SPOKANE, WA  99201, US', 'lat': '47.663945', 'lng': '-117.43185'}, 'results': []}, 'status': 'OK'}
99201 {'data': {'origin': {'geocoded_address': 'SPOKANE, WA  99201, US', 'lat': '47.663945', 'lng': '-117.43185'}, 'results': []}, 'status': 'OK'}
97701 {'data': {'origin': {'geocoded_address': 'BEND, OR  97701, US', 'lat': '44.091256', 'lng': '-121.29769'}, 'results': []}, 'status': 'OK'}
97701 {'data': {'origin': {'geocoded_address': 'BEND, OR  97701, US', 'lat': '44.091256', 'lng': '-121.29769'}, 'results': []}, 'status': 'OK'}
97701 {'data': {'origin': {'geocoded_address': 'BEND, OR  97701, US', 'lat': '44.091256', 'lng': '-121.29769'}, 'results': []}, 'status': 'OK'}
94806 {'data': {'origin': {'geocoded_address': 'SAN PABLO, CA  94806, US', 'lat': '37.972623', 'lng': '-122.33873'}, 'results': [{'distance': '45.16', 'store': {'lat': '37.366701', 'name': 'SUNNYVALE', 'country': 'US', 'location': '1401', 'street1': '125 E. EL CAMINO REAL', 'city': 'SUNNYVALE', 'chain': 'DICKS SPORTING GOODS', 'hours': {'tue': '0000-0000', 'sat': '0000-0000', 'mon': '0000-0000', 'thu': '0000-0000', 'sun': '0000-0000', 'fri': '0000-0000', 'wed': '0000-0000'}, 'phone': '408-498-4293', 'zip': '94087', 'state': 'CA', 'lng': '-122.029005'}, 'units': 'mile', 'skus': [{'sku': '16380346', 'qty': {'ats': '2', 'isa': '2'}}]}]}, 'status': 'OK'}
94806 {'data': {'origin': {'geocoded_address': 'SAN PABLO, CA  94806, US', 'lat': '37.972623', 'lng': '-122.33873'}, 'results': []}, 'status': 'OK'}
94806 {'data': {'origin': {'geocoded_address': 'SAN PABLO, CA  94806, US', 'lat': '37.972623', 'lng': '-122.33873'}, 'results': []}, 'status': 'OK'}
97236 {'data': {'origin': {'geocoded_address': 'PORTLAND, OR  97236, US', 'lat': '45.474722', 'lng': '-122.50997'}, 'results': []}, 'status': 'OK'}
97236 {'data': {'origin': {'geocoded_address': 'PORTLAND, OR  97236, US', 'lat': '45.474722', 'lng': '-122.50997'}, 'results': []}, 'status': 'OK'}
97236 {'data': {'origin': {'geocoded_address': 'PORTLAND, OR  97236, US', 'lat': '45.474722', 'lng': '-122.50997'}, 'results': []}, 'status': 'OK'}
98101 {'data': {'origin': {'geocoded_address': 'SEATTLE, WA  98101, US', 'lat': '47.61067', 'lng': '-122.33438'}, 'results': []}, 'status': 'OK'}
98101 {'data': {'origin': {'geocoded_address': 'SEATTLE, WA  98101, US', 'lat': '47.61067', 'lng': '-122.33438'}, 'results': []}, 'status': 'OK'}
98101 {'data': {'origin': {'geocoded_address': 'SEATTLE, WA  98101, US', 'lat': '47.61067', 'lng': '-122.33438'}, 'results': []}, 'status': 'OK'}
99201 {'data': {'origin': {'geocoded_address': 'SPOKANE, WA  99201, US', 'lat': '47.663945', 'lng': '-117.43185'}, 'results': []}, 'status': 'OK'}
99201 {'data': {'origin': {'geocoded_address': 'SPOKANE, WA  99201, US', 'lat': '47.663945', 'lng': '-117.43185'}, 'results': []}, 'status': 'OK'}
99201 {'data': {'origin': {'geocoded_address': 'SPOKANE, WA  99201, US', 'lat': '47.663945', 'lng': '-117.43185'}, 'results': []}, 'status': 'OK'}
97701 {'data': {'origin': {'geocoded_address': 'BEND, OR  97701, US', 'lat': '44.091256', 'lng': '-121.29769'}, 'results': []}, 'status': 'OK'}
97701 {'data': {'origin': {'geocoded_address': 'BEND, OR  97701, US', 'lat': '44.091256', 'lng': '-121.29769'}, 'results': []}, 'status': 'OK'}
97701 {'data': {'origin': {'geocoded_address': 'BEND, OR  97701, US', 'lat': '44.091256', 'lng': '-121.29769'}, 'results': []}, 'status': 'OK'}
94806 {'data': {'origin': {'geocoded_address': 'SAN PABLO, CA  94806, US', 'lat': '37.972623', 'lng': '-122.33873'}, 'results': [{'distance': '45.16', 'store': {'lat': '37.366701', 'name': 'SUNNYVALE', 'country': 'US', 'location': '1401', 'street1': '125 E. EL CAMINO REAL', 'city': 'SUNNYVALE', 'chain': 'DICKS SPORTING GOODS', 'hours': {'tue': '0000-0000', 'sat': '0000-0000', 'mon': '0000-0000', 'thu': '0000-0000', 'sun': '0000-0000', 'fri': '0000-0000', 'wed': '0000-0000'}, 'phone': '408-498-4293', 'zip': '94087', 'state': 'CA', 'lng': '-122.029005'}, 'units': 'mile', 'skus': [{'sku': '16380346', 'qty': {'ats': '2', 'isa': '2'}}]}]}, 'status': 'OK'}
94806 {'data': {'origin': {'geocoded_address': 'SAN PABLO, CA  94806, US', 'lat': '37.972623', 'lng': '-122.33873'}, 'results': []}, 'status': 'OK'}
94806 {'data': {'origin': {'geocoded_address': 'SAN PABLO, CA  94806, US', 'lat': '37.972623', 'lng': '-122.33873'}, 'results': []}, 'status': 'OK'}
97236 {'data': {'origin': {'geocoded_address': 'PORTLAND, OR  97236, US', 'lat': '45.474722', 'lng': '-122.50997'}, 'results': []}, 'status': 'OK'}
97236 {'data': {'origin': {'geocoded_address': 'PORTLAND, OR  97236, US', 'lat': '45.474722', 'lng': '-122.50997'}, 'results': []}, 'status': 'OK'}
97236 {'data': {'origin': {'geocoded_address': 'PORTLAND, OR  97236, US', 'lat': '45.474722', 'lng': '-122.50997'}, 'results': []}, 'status': 'OK'}
98101 {'data': {'origin': {'geocoded_address': 'SEATTLE, WA  98101, US', 'lat': '47.61067', 'lng': '-122.33438'}, 'results': []}, 'status': 'OK'}
98101 {'data': {'origin': {'geocoded_address': 'SEATTLE, WA  98101, US', 'lat': '47.61067', 'lng': '-122.33438'}, 'results': []}, 'status': 'OK'}
98101 {'data': {'origin': {'geocoded_address': 'SEATTLE, WA  98101, US', 'lat': '47.61067', 'lng': '-122.33438'}, 'results': []}, 'status': 'OK'}
99201 {'data': {'origin': {'geocoded_address': 'SPOKANE, WA  99201, US', 'lat': '47.663945', 'lng': '-117.43185'}, 'results': []}, 'status': 'OK'}
99201 {'data': {'origin': {'geocoded_address': 'SPOKANE, WA  99201, US', 'lat': '47.663945', 'lng': '-117.43185'}, 'results': []}, 'status': 'OK'}
99201 {'data': {'origin': {'geocoded_address': 'SPOKANE, WA  99201, US', 'lat': '47.663945', 'lng': '-117.43185'}, 'results': []}, 'status': 'OK'}
97701 {'data': {'origin': {'geocoded_address': 'BEND, OR  97701, US', 'lat': '44.091256', 'lng': '-121.29769'}, 'results': []}, 'status': 'OK'}
97701 {'data': {'origin': {'geocoded_address': 'BEND, OR  97701, US', 'lat': '44.091256', 'lng': '-121.29769'}, 'results': []}, 'status': 'OK'}
97701 {'data': {'origin': {'geocoded_address': 'BEND, OR  97701, US', 'lat': '44.091256', 'lng': '-121.29769'}, 'results': []}, 'status': 'OK'}
94806 {'data': {'origin': {'geocoded_address': 'SAN PABLO, CA  94806, US', 'lat': '37.972623', 'lng': '-122.33873'}, 'results': [{'distance': '45.16', 'store': {'lat': '37.366701', 'name': 'SUNNYVALE', 'country': 'US', 'location': '1401', 'street1': '125 E. EL CAMINO REAL', 'city': 'SUNNYVALE', 'chain': 'DICKS SPORTING GOODS', 'hours': {'tue': '0000-0000', 'sat': '0000-0000', 'mon': '0000-0000', 'thu': '0000-0000', 'sun': '0000-0000', 'fri': '0000-0000', 'wed': '0000-0000'}, 'phone': '408-498-4293', 'zip': '94087', 'state': 'CA', 'lng': '-122.029005'}, 'units': 'mile', 'skus': [{'sku': '16380346', 'qty': {'ats': '1', 'isa': '1'}}]}]}, 'status': 'OK'}
94806 {'data': {'origin': {'geocoded_address': 'SAN PABLO, CA  94806, US', 'lat': '37.972623', 'lng': '-122.33873'}, 'results': []}, 'status': 'OK'}
94806 {'data': {'origin': {'geocoded_address': 'SAN PABLO, CA  94806, US', 'lat': '37.972623', 'lng': '-122.33873'}, 'results': []}, 'status': 'OK'}
97236 {'data': {'origin': {'geocoded_address': 'PORTLAND, OR  97236, US', 'lat': '45.474722', 'lng': '-122.50997'}, 'results': []}, 'status': 'OK'}
97236 {'data': {'origin': {'geocoded_address': 'PORTLAND, OR  97236, US', 'lat': '45.474722', 'lng': '-122.50997'}, 'results': []}, 'status': 'OK'}
97236 {'data': {'origin': {'geocoded_address': 'PORTLAND, OR  97236, US', 'lat': '45.474722', 'lng': '-122.50997'}, 'results': []}, 'status': 'OK'}
98101 {'data': {'origin': {'geocoded_address': 'SEATTLE, WA  98101, US', 'lat': '47.61067', 'lng': '-122.33438'}, 'results': []}, 'status': 'OK'}
98101 {'data': {'origin': {'geocoded_address': 'SEATTLE, WA  98101, US', 'lat': '47.61067', 'lng': '-122.33438'}, 'results': []}, 'status': 'OK'}
98101 {'data': {'origin': {'geocoded_address': 'SEATTLE, WA  98101, US', 'lat': '47.61067', 'lng': '-122.33438'}, 'results': []}, 'status': 'OK'}
99201 {'data': {'origin': {'geocoded_address': 'SPOKANE, WA  99201, US', 'lat': '47.663945', 'lng': '-117.43185'}, 'results': []}, 'status': 'OK'}
99201 {'data': {'origin': {'geocoded_address': 'SPOKANE, WA  99201, US', 'lat': '47.663945', 'lng': '-117.43185'}, 'results': []}, 'status': 'OK'}
99201 {'data': {'origin': {'geocoded_address': 'SPOKANE, WA  99201, US', 'lat': '47.663945', 'lng': '-117.43185'}, 'results': []}, 'status': 'OK'}
97701 {'data': {'origin': {'geocoded_address': 'BEND, OR  97701, US', 'lat': '44.091256', 'lng': '-121.29769'}, 'results': []}, 'status': 'OK'}
97701 {'data': {'origin': {'geocoded_address': 'BEND, OR  97701, US', 'lat': '44.091256', 'lng': '-121.29769'}, 'results': []}, 'status': 'OK'}
97701 {'data': {'origin': {'geocoded_address': 'BEND, OR  97701, US', 'lat': '44.091256', 'lng': '-121.29769'}, 'results': []}, 'status': 'OK'}